   1               		.file	"timer.c"
   2               	__SREG__ = 0x3f
   3               	__SP_H__ = 0x3e
   4               	__SP_L__ = 0x3d
   5               	__CCP__  = 0x34
   6               	__tmp_reg__ = 0
   7               	__zero_reg__ = 1
   8               		.text
   9               	.global	__vector_16
  11               	__vector_16:
  12 0000 1F92      		push __zero_reg__
  13 0002 0F92      		push r0
  14 0004 0FB6      		in r0,__SREG__
  15 0006 0F92      		push r0
  16 0008 1124      		clr __zero_reg__
  17 000a 2F93      		push r18
  18 000c 3F93      		push r19
  19 000e 8F93      		push r24
  20 0010 9F93      		push r25
  21               	/* prologue: Signal */
  22               	/* frame size = 0 */
  23 0012 3091 0000 		lds r19,key_state
  24 0016 20B1      		in r18,32-32
  25 0018 2095      		com r18
  26 001a 2327      		eor r18,r19
  27 001c 9091 0000 		lds r25,ct0.1245
  28 0020 9223      		and r25,r18
  29 0022 9095      		com r25
  30 0024 9093 0000 		sts ct0.1245,r25
  31 0028 8091 0000 		lds r24,ct1.1246
  32 002c 8223      		and r24,r18
  33 002e 8927      		eor r24,r25
  34 0030 8093 0000 		sts ct1.1246,r24
  35 0034 9223      		and r25,r18
  36 0036 9823      		and r25,r24
  37 0038 292F      		mov r18,r25
  38 003a 2327      		eor r18,r19
  39 003c 2093 0000 		sts key_state,r18
  40 0040 9223      		and r25,r18
  41 0042 8091 0000 		lds r24,key_press
  42 0046 892B      		or r24,r25
  43 0048 8093 0000 		sts key_press,r24
  44 004c 822F      		mov r24,r18
  45 004e 807F      		andi r24,lo8(-16)
  46 0050 01F4      		brne .L2
  47 0052 82E3      		ldi r24,lo8(50)
  48 0054 8093 0000 		sts rpt.1247,r24
  49               	.L2:
  50 0058 8091 0000 		lds r24,rpt.1247
  51 005c 8150      		subi r24,lo8(-(-1))
  52 005e 8093 0000 		sts rpt.1247,r24
  53 0062 8823      		tst r24
  54 0064 01F4      		brne .L3
  55 0066 8AE0      		ldi r24,lo8(10)
  56 0068 8093 0000 		sts rpt.1247,r24
  57 006c 207F      		andi r18,lo8(-16)
  58 006e 8091 0000 		lds r24,key_rpt
  59 0072 822B      		or r24,r18
  60 0074 8093 0000 		sts key_rpt,r24
  61               	.L3:
  62 0078 8091 0000 		lds r24,timer
  63 007c 9091 0000 		lds r25,(timer)+1
  64 0080 892B      		or r24,r25
  65 0082 01F0      		breq .L4
  66 0084 8091 0000 		lds r24,timer
  67 0088 9091 0000 		lds r25,(timer)+1
  68 008c 0197      		sbiw r24,1
  69 008e 9093 0000 		sts (timer)+1,r25
  70 0092 8093 0000 		sts timer,r24
  71               	.L4:
  72 0096 8091 0000 		lds r24,abo_timer
  73 009a 9091 0000 		lds r25,(abo_timer)+1
  74 009e 892B      		or r24,r25
  75 00a0 01F0      		breq .L6
  76 00a2 8091 0000 		lds r24,abo_timer
  77 00a6 9091 0000 		lds r25,(abo_timer)+1
  78 00aa 0197      		sbiw r24,1
  79 00ac 9093 0000 		sts (abo_timer)+1,r25
  80 00b0 8093 0000 		sts abo_timer,r24
  81               	.L6:
  82               	/* epilogue start */
  83 00b4 9F91      		pop r25
  84 00b6 8F91      		pop r24
  85 00b8 3F91      		pop r19
  86 00ba 2F91      		pop r18
  87 00bc 0F90      		pop r0
  88 00be 0FBE      		out __SREG__,r0
  89 00c0 0F90      		pop r0
  90 00c2 1F90      		pop __zero_reg__
  91 00c4 1895      		reti
  93               	.global	TIMER0_Init
  95               	TIMER0_Init:
  96               	/* prologue: function */
  97               	/* frame size = 0 */
  98 00c6 1092 0000 		sts (timer)+1,__zero_reg__
  99 00ca 1092 0000 		sts timer,__zero_reg__
 100 00ce 82E0      		ldi r24,lo8(2)
 101 00d0 84BD      		out 68-32,r24
 102 00d2 85E0      		ldi r24,lo8(5)
 103 00d4 85BD      		out 69-32,r24
 104 00d6 83EC      		ldi r24,lo8(-61)
 105 00d8 87BD      		out 71-32,r24
 106 00da EEE6      		ldi r30,lo8(110)
 107 00dc F0E0      		ldi r31,hi8(110)
 108 00de 8081      		ld r24,Z
 109 00e0 8260      		ori r24,lo8(2)
 110 00e2 8083      		st Z,r24
 111               	/* epilogue start */
 112 00e4 0895      		ret
 114               	.global	get_key_press
 116               	get_key_press:
 117               	/* prologue: function */
 118               	/* frame size = 0 */
 119 00e6 2FB7      		in r18,__SREG__
 120               	/* #APP */
 121               	 ;  101 "timer.c" 1
 122 00e8 F894      		cli
 123               	 ;  0 "" 2
 124               	/* #NOAPP */
 125 00ea 9091 0000 		lds r25,key_press
 126 00ee 8923      		and r24,r25
 127 00f0 9827      		eor r25,r24
 128 00f2 9093 0000 		sts key_press,r25
 129 00f6 2FBF      		out __SREG__,r18
 130               	/* epilogue start */
 131 00f8 0895      		ret
 133               	.global	get_key_rpt
 135               	get_key_rpt:
 136               	/* prologue: function */
 137               	/* frame size = 0 */
 138 00fa 2FB7      		in r18,__SREG__
 139               	/* #APP */
 140               	 ;  119 "timer.c" 1
 141 00fc F894      		cli
 142               	 ;  0 "" 2
 143               	/* #NOAPP */
 144 00fe 9091 0000 		lds r25,key_rpt
 145 0102 8923      		and r24,r25
 146 0104 9827      		eor r25,r24
 147 0106 9093 0000 		sts key_rpt,r25
 148 010a 2FBF      		out __SREG__,r18
 149               	/* epilogue start */
 150 010c 0895      		ret
 152               	.global	get_key_short
 154               	get_key_short:
 155               	/* prologue: function */
 156               	/* frame size = 0 */
 157 010e 4FB7      		in r20,__SREG__
 158               	/* #APP */
 159               	 ;  138 "timer.c" 1
 160 0110 F894      		cli
 161               	 ;  0 "" 2
 162               	/* #NOAPP */
 163 0112 3FB7      		in r19,__SREG__
 164               	/* #APP */
 165               	 ;  101 "timer.c" 1
 166 0114 F894      		cli
 167               	 ;  0 "" 2
 168               	/* #NOAPP */
 169 0116 2091 0000 		lds r18,key_press
 170 011a 9091 0000 		lds r25,key_state
 171 011e 9095      		com r25
 172 0120 8923      		and r24,r25
 173 0122 8223      		and r24,r18
 174 0124 2827      		eor r18,r24
 175 0126 2093 0000 		sts key_press,r18
 176 012a 3FBF      		out __SREG__,r19
 177 012c 4FBF      		out __SREG__,r20
 178               	/* epilogue start */
 179 012e 0895      		ret
 181               	.global	get_key_long
 183               	get_key_long:
 184               	/* prologue: function */
 185               	/* frame size = 0 */
 186 0130 2FB7      		in r18,__SREG__
 187               	/* #APP */
 188               	 ;  119 "timer.c" 1
 189 0132 F894      		cli
 190               	 ;  0 "" 2
 191               	/* #NOAPP */
 192 0134 9091 0000 		lds r25,key_rpt
 193 0138 8923      		and r24,r25
 194 013a 9827      		eor r25,r24
 195 013c 9093 0000 		sts key_rpt,r25
 196 0140 2FBF      		out __SREG__,r18
 197 0142 2FB7      		in r18,__SREG__
 198               	/* #APP */
 199               	 ;  101 "timer.c" 1
 200 0144 F894      		cli
 201               	 ;  0 "" 2
 202               	/* #NOAPP */
 203 0146 9091 0000 		lds r25,key_press
 204 014a 8923      		and r24,r25
 205 014c 9827      		eor r25,r24
 206 014e 9093 0000 		sts key_press,r25
 207 0152 2FBF      		out __SREG__,r18
 208               	/* epilogue start */
 209 0154 0895      		ret
 211               	.global	get_key_long2
 213               	get_key_long2:
 214               	/* prologue: function */
 215               	/* frame size = 0 */
 216 0156 2091 0000 		lds r18,key_press
 217 015a 3FB7      		in r19,__SREG__
 218               	/* #APP */
 219               	 ;  119 "timer.c" 1
 220 015c F894      		cli
 221               	 ;  0 "" 2
 222               	/* #NOAPP */
 223 015e 9091 0000 		lds r25,key_rpt
 224 0162 8227      		eor r24,r18
 225 0164 8923      		and r24,r25
 226 0166 9827      		eor r25,r24
 227 0168 9093 0000 		sts key_rpt,r25
 228 016c 3FBF      		out __SREG__,r19
 229 016e 9FB7      		in r25,__SREG__
 230               	/* #APP */
 231               	 ;  101 "timer.c" 1
 232 0170 F894      		cli
 233               	 ;  0 "" 2
 234               	/* #NOAPP */
 235 0172 8223      		and r24,r18
 236 0174 2827      		eor r18,r24
 237 0176 2093 0000 		sts key_press,r18
 238 017a 9FBF      		out __SREG__,r25
 239               	/* epilogue start */
 240 017c 0895      		ret
 242               	.global	get_key_long_rpt
 244               	get_key_long_rpt:
 245               	/* prologue: function */
 246               	/* frame size = 0 */
 247 017e 3FB7      		in r19,__SREG__
 248               	/* #APP */
 249               	 ;  119 "timer.c" 1
 250 0180 F894      		cli
 251               	 ;  0 "" 2
 252               	/* #NOAPP */
 253 0182 2091 0000 		lds r18,key_rpt
 254 0186 9091 0000 		lds r25,key_press
 255 018a 9095      		com r25
 256 018c 8927      		eor r24,r25
 257 018e 8223      		and r24,r18
 258 0190 2827      		eor r18,r24
 259 0192 2093 0000 		sts key_rpt,r18
 260 0196 3FBF      		out __SREG__,r19
 261               	/* epilogue start */
 262 0198 0895      		ret
 264               	.global	icrval
 265               		.data
 268               	icrval:
 269 0000 6A18      		.word	6250
 270               	.global	minocr_a
 273               	minocr_a:
 274 0002 3801      		.word	312
 275               	.global	maxocr_a
 278               	maxocr_a:
 279 0004 7102      		.word	625
 280               	.global	minocr_b
 283               	minocr_b:
 284 0006 3801      		.word	312
 285               	.global	maxocr_b
 288               	maxocr_b:
 289 0008 7102      		.word	625
 290               	.global	key_state
 291               	.global	key_state
 292               		.section .bss
 295               	key_state:
 296 0000 00        		.skip 1,0
 297               	.global	key_press
 298               	.global	key_press
 301               	key_press:
 302 0001 00        		.skip 1,0
 303               		.lcomm rpt.1247,1
 304               		.lcomm ct1.1246,1
 305               		.lcomm ct0.1245,1
 306               		.comm debug,2,1
 307               		.comm timer,2,1
 308               		.comm abo_timer,2,1
 309               		.comm key_rpt,1,1
 310               	.global __do_copy_data
 311               	.global __do_clear_bss
DEFINED SYMBOLS
                            *ABS*:00000000 timer.c
     /tmp/ccFMmiy1.s:2      *ABS*:0000003f __SREG__
     /tmp/ccFMmiy1.s:3      *ABS*:0000003e __SP_H__
     /tmp/ccFMmiy1.s:4      *ABS*:0000003d __SP_L__
     /tmp/ccFMmiy1.s:5      *ABS*:00000034 __CCP__
     /tmp/ccFMmiy1.s:6      *ABS*:00000000 __tmp_reg__
     /tmp/ccFMmiy1.s:7      *ABS*:00000001 __zero_reg__
     /tmp/ccFMmiy1.s:11     .text:00000000 __vector_16
     /tmp/ccFMmiy1.s:295    .bss:00000000 key_state
     /tmp/ccFMmiy1.s:304    .bss:00000004 ct0.1245
     /tmp/ccFMmiy1.s:303    .bss:00000003 ct1.1246
     /tmp/ccFMmiy1.s:301    .bss:00000001 key_press
                             .bss:00000002 rpt.1247
                            *COM*:00000001 key_rpt
                            *COM*:00000002 timer
                            *COM*:00000002 abo_timer
     /tmp/ccFMmiy1.s:95     .text:000000c6 TIMER0_Init
     /tmp/ccFMmiy1.s:116    .text:000000e6 get_key_press
     /tmp/ccFMmiy1.s:135    .text:000000fa get_key_rpt
     /tmp/ccFMmiy1.s:154    .text:0000010e get_key_short
     /tmp/ccFMmiy1.s:183    .text:00000130 get_key_long
     /tmp/ccFMmiy1.s:213    .text:00000156 get_key_long2
     /tmp/ccFMmiy1.s:244    .text:0000017e get_key_long_rpt
     /tmp/ccFMmiy1.s:268    .data:00000000 icrval
     /tmp/ccFMmiy1.s:273    .data:00000002 minocr_a
     /tmp/ccFMmiy1.s:278    .data:00000004 maxocr_a
     /tmp/ccFMmiy1.s:283    .data:00000006 minocr_b
     /tmp/ccFMmiy1.s:288    .data:00000008 maxocr_b
                            *COM*:00000002 debug

UNDEFINED SYMBOLS
__do_copy_data
__do_clear_bss
